#
# There is insufficient memory for the Java Runtime Environment to continue.
# Native memory allocation (mmap) failed to map 11206656 bytes for committing reserved memory.
# Possible reasons:
#   The system is out of physical RAM or swap space
#   The process is running with CompressedOops enabled, and the Java Heap may be blocking the growth of the native heap
# Possible solutions:
#   Reduce memory load on the system
#   Increase physical memory or swap space
#   Check if swap backing store is full
#   Decrease Java heap size (-Xmx/-Xms)
#   Decrease number of Java threads
#   Decrease Java thread stack sizes (-Xss)
#   Set larger code cache with -XX:ReservedCodeCacheSize=
# This output file may be truncated or incomplete.
#
#  Out of Memory Error (os_linux.cpp:3007), pid=6388, tid=6389
#
# JRE version:  (11.0.14+9) (build )
# Java VM: OpenJDK 64-Bit Server VM (11.0.14+9-post-Debian-1deb10u1, mixed mode, sharing, tiered, compressed oops, serial gc, linux-amd64)
# No core dump will be written. Core dumps have been disabled. To enable core dumping, try "ulimit -c unlimited" before starting Java again
#

---------------  S U M M A R Y ------------

Command Line: VirtualNetwork.jar -v s4

Host: Intel(R) Xeon(R) CPU E5-2630 v3 @ 2.40GHz, 1 cores, 986M, Debian GNU/Linux 10 (buster)
Time: Sun Mar  6 15:50:50 2022 CST elapsed time: 0.738317 seconds (0d 0h 0m 0s)

---------------  T H R E A D  ---------------

Current thread (0x00007fae30016000):  JavaThread "Unknown thread" [_thread_in_vm, id=6389, stack(0x00007fae35f90000,0x00007fae36091000)]

Stack: [0x00007fae35f90000,0x00007fae36091000],  sp=0x00007fae3608f2d0,  free space=1020k
Native frames: (J=compiled Java code, A=aot compiled Java code, j=interpreted, Vv=VM code, C=native code)
V  [libjvm.so+0xe2ce86]
V  [libjvm.so+0xe2ddfb]
V  [libjvm.so+0x6555d5]
V  [libjvm.so+0xb88b0a]
V  [libjvm.so+0xb7ef0f]
V  [libjvm.so+0xe2555b]
V  [libjvm.so+0x7bcc91]
V  [libjvm.so+0x53a819]
V  [libjvm.so+0xdbf92b]
V  [libjvm.so+0x7bd6fc]
V  [libjvm.so+0x7a9189]
V  [libjvm.so+0xdf0c82]
V  [libjvm.so+0xdf0f46]
V  [libjvm.so+0x815ae7]
V  [libjvm.so+0xdca89a]
V  [libjvm.so+0x8bcbe1]  JNI_CreateJavaVM+0x51
C  [libjli.so+0x4868]
C  [libjli.so+0x95c9]


---------------  P R O C E S S  ---------------

Threads class SMR info:
_java_thread_list=0x00005605e6209f10, length=0, elements={
}

Java Threads: ( => current thread )

Other Threads:

=>0x00007fae30016000 (exited) JavaThread "Unknown thread" [_thread_in_vm, id=6389, stack(0x00007fae35f90000,0x00007fae36091000)]

Threads with active compile tasks:

VM state:not at safepoint (not fully initialized)

VM Mutex/Monitor currently owned by a thread: None

Heap address: 0x00000000f0800000, size: 248 MB, Compressed Oops mode: Non-zero based: 0x00000000f0800000
Narrow klass base: 0x0000000000000000, Narrow klass shift: 0

GC Heap History (0 events):
No events

Deoptimization events (0 events):
No events

Classes redefined (0 events):
No events

Internal exceptions (0 events):
No events

Events (2 events):
Event: 0.343 Protecting memory [0x00007fae35f90000,0x00007fae35f94000] with protection modes 0
Event: 0.417 Loaded shared library /usr/lib/jvm/java-11-openjdk-amd64/lib/libzip.so


Dynamic libraries:
f0800000-f0d50000 rw-p 00000000 00:00 0 
f0d50000-f5aa0000 ---p 00000000 00:00 0 
f6550000-100000000 ---p 00000000 00:00 0 
5605e61d6000-5605e61d7000 r--p 00000000 08:01 415117                     /usr/lib/jvm/java-11-openjdk-amd64/bin/java
5605e61d7000-5605e61d8000 r-xp 00001000 08:01 415117                     /usr/lib/jvm/java-11-openjdk-amd64/bin/java
5605e61d8000-5605e61d9000 r--p 00002000 08:01 415117                     /usr/lib/jvm/java-11-openjdk-amd64/bin/java
5605e61d9000-5605e61da000 r--p 00002000 08:01 415117                     /usr/lib/jvm/java-11-openjdk-amd64/bin/java
5605e61da000-5605e61db000 rw-p 00003000 08:01 415117                     /usr/lib/jvm/java-11-openjdk-amd64/bin/java
5605e61f2000-5605e6213000 rw-p 00000000 00:00 0                          [heap]
7fae1883d000-7fae18aad000 rwxp 00000000 00:00 0 
7fae18aad000-7fae18dcc000 ---p 00000000 00:00 0 
7fae18dcc000-7fae1903c000 rwxp 00000000 00:00 0 
7fae1903c000-7fae20304000 ---p 00000000 00:00 0 
7fae20304000-7fae20574000 rwxp 00000000 00:00 0 
7fae20574000-7fae2783d000 ---p 00000000 00:00 0 
7fae2783d000-7fae30000000 r--s 00000000 08:01 417208                     /usr/lib/jvm/java-11-openjdk-amd64/lib/modules
7fae30000000-7fae30034000 rw-p 00000000 00:00 0 
7fae30034000-7fae34000000 ---p 00000000 00:00 0 
7fae35cc8000-7fae35ccb000 rw-p 00000000 00:00 0 
7fae35ccb000-7fae35d44000 ---p 00000000 00:00 0 
7fae35d44000-7fae35d4a000 rw-p 00000000 00:00 0 
7fae35d4a000-7fae35e30000 ---p 00000000 00:00 0 
7fae35e30000-7fae35e35000 rw-p 00000000 00:00 0 
7fae35e35000-7fae35f1b000 ---p 00000000 00:00 0 
7fae35f1b000-7fae35f20000 rw-p 00000000 00:00 0 
7fae35f20000-7fae35f27000 ---p 00000000 00:00 0 
7fae35f27000-7fae35f2a000 r--p 00000000 08:01 393930                     /usr/lib/x86_64-linux-gnu/libnss_files-2.28.so
7fae35f2a000-7fae35f31000 r-xp 00003000 08:01 393930                     /usr/lib/x86_64-linux-gnu/libnss_files-2.28.so
7fae35f31000-7fae35f33000 r--p 0000a000 08:01 393930                     /usr/lib/x86_64-linux-gnu/libnss_files-2.28.so
7fae35f33000-7fae35f34000 ---p 0000c000 08:01 393930                     /usr/lib/x86_64-linux-gnu/libnss_files-2.28.so
7fae35f34000-7fae35f35000 r--p 0000c000 08:01 393930                     /usr/lib/x86_64-linux-gnu/libnss_files-2.28.so
7fae35f35000-7fae35f36000 rw-p 0000d000 08:01 393930                     /usr/lib/x86_64-linux-gnu/libnss_files-2.28.so
7fae35f36000-7fae35f3c000 rw-p 00000000 00:00 0 
7fae35f3e000-7fae35f40000 r--p 00000000 08:01 417207                     /usr/lib/jvm/java-11-openjdk-amd64/lib/libzip.so
7fae35f40000-7fae35f44000 r-xp 00002000 08:01 417207                     /usr/lib/jvm/java-11-openjdk-amd64/lib/libzip.so
7fae35f44000-7fae35f46000 r--p 00006000 08:01 417207                     /usr/lib/jvm/java-11-openjdk-amd64/lib/libzip.so
7fae35f46000-7fae35f47000 r--p 00007000 08:01 417207                     /usr/lib/jvm/java-11-openjdk-amd64/lib/libzip.so
7fae35f47000-7fae35f48000 rw-p 00008000 08:01 417207                     /usr/lib/jvm/java-11-openjdk-amd64/lib/libzip.so
7fae35f48000-7fae35f50000 rw-s 00000000 08:01 28109                      /tmp/hsperfdata_mininet/6388
7fae35f50000-7fae35f52000 r--p 00000000 08:01 417190                     /usr/lib/jvm/java-11-openjdk-amd64/lib/libjimage.so
7fae35f52000-7fae35f55000 r-xp 00002000 08:01 417190                     /usr/lib/jvm/java-11-openjdk-amd64/lib/libjimage.so
7fae35f55000-7fae35f56000 r--p 00005000 08:01 417190                     /usr/lib/jvm/java-11-openjdk-amd64/lib/libjimage.so
7fae35f56000-7fae35f57000 ---p 00006000 08:01 417190                     /usr/lib/jvm/java-11-openjdk-amd64/lib/libjimage.so
7fae35f57000-7fae35f58000 r--p 00006000 08:01 417190                     /usr/lib/jvm/java-11-openjdk-amd64/lib/libjimage.so
7fae35f58000-7fae35f59000 rw-p 00007000 08:01 417190                     /usr/lib/jvm/java-11-openjdk-amd64/lib/libjimage.so
7fae35f59000-7fae35f67000 r--p 00000000 08:01 417187                     /usr/lib/jvm/java-11-openjdk-amd64/lib/libjava.so
7fae35f67000-7fae35f7c000 r-xp 0000e000 08:01 417187                     /usr/lib/jvm/java-11-openjdk-amd64/lib/libjava.so
7fae35f7c000-7fae35f83000 r--p 00023000 08:01 417187                     /usr/lib/jvm/java-11-openjdk-amd64/lib/libjava.so
7fae35f83000-7fae35f84000 r--p 00029000 08:01 417187                     /usr/lib/jvm/java-11-openjdk-amd64/lib/libjava.so
7fae35f84000-7fae35f85000 rw-p 0002a000 08:01 417187                     /usr/lib/jvm/java-11-openjdk-amd64/lib/libjava.so
7fae35f85000-7fae35f86000 rw-p 00000000 00:00 0 
7fae35f86000-7fae35f88000 r--p 00000000 08:01 393938                     /usr/lib/x86_64-linux-gnu/librt-2.28.so
7fae35f88000-7fae35f8c000 r-xp 00002000 08:01 393938                     /usr/lib/x86_64-linux-gnu/librt-2.28.so
7fae35f8c000-7fae35f8e000 r--p 00006000 08:01 393938                     /usr/lib/x86_64-linux-gnu/librt-2.28.so
7fae35f8e000-7fae35f8f000 r--p 00007000 08:01 393938                     /usr/lib/x86_64-linux-gnu/librt-2.28.so
7fae35f8f000-7fae35f90000 rw-p 00008000 08:01 393938                     /usr/lib/x86_64-linux-gnu/librt-2.28.so
7fae35f90000-7fae35f94000 ---p 00000000 00:00 0 
7fae35f94000-7fae36091000 rw-p 00000000 00:00 0 
7fae36091000-7fae36094000 r--p 00000000 08:01 393233                     /usr/lib/x86_64-linux-gnu/libgcc_s.so.1
7fae36094000-7fae360a5000 r-xp 00003000 08:01 393233                     /usr/lib/x86_64-linux-gnu/libgcc_s.so.1
7fae360a5000-7fae360a8000 r--p 00014000 08:01 393233                     /usr/lib/x86_64-linux-gnu/libgcc_s.so.1
7fae360a8000-7fae360a9000 ---p 00017000 08:01 393233                     /usr/lib/x86_64-linux-gnu/libgcc_s.so.1
7fae360a9000-7fae360aa000 r--p 00017000 08:01 393233                     /usr/lib/x86_64-linux-gnu/libgcc_s.so.1
7fae360aa000-7fae360ab000 rw-p 00018000 08:01 393233                     /usr/lib/x86_64-linux-gnu/libgcc_s.so.1
7fae360ab000-7fae360b8000 r--p 00000000 08:01 393923                     /usr/lib/x86_64-linux-gnu/libm-2.28.so
7fae360b8000-7fae36157000 r-xp 0000d000 08:01 393923                     /usr/lib/x86_64-linux-gnu/libm-2.28.so
7fae36157000-7fae3622c000 r--p 000ac000 08:01 393923                     /usr/lib/x86_64-linux-gnu/libm-2.28.so
7fae3622c000-7fae3622d000 r--p 00180000 08:01 393923                     /usr/lib/x86_64-linux-gnu/libm-2.28.so
7fae3622d000-7fae3622e000 rw-p 00181000 08:01 393923                     /usr/lib/x86_64-linux-gnu/libm-2.28.so
7fae3622e000-7fae362b7000 r--p 00000000 08:01 396665                     /usr/lib/x86_64-linux-gnu/libstdc++.so.6.0.25
7fae362b7000-7fae36363000 r-xp 00089000 08:01 396665                     /usr/lib/x86_64-linux-gnu/libstdc++.so.6.0.25
7fae36363000-7fae363a1000 r--p 00135000 08:01 396665                     /usr/lib/x86_64-linux-gnu/libstdc++.so.6.0.25
7fae363a1000-7fae363a2000 ---p 00173000 08:01 396665                     /usr/lib/x86_64-linux-gnu/libstdc++.so.6.0.25
7fae363a2000-7fae363ac000 r--p 00173000 08:01 396665                     /usr/lib/x86_64-linux-gnu/libstdc++.so.6.0.25
7fae363ac000-7fae363ae000 rw-p 0017d000 08:01 396665                     /usr/lib/x86_64-linux-gnu/libstdc++.so.6.0.25
7fae363ae000-7fae363b2000 rw-p 00000000 00:00 0 
7fae363b2000-7fae36634000 r--p 00000000 08:01 417211                     /usr/lib/jvm/java-11-openjdk-amd64/lib/server/libjvm.so
7fae36634000-7fae37253000 r-xp 00282000 08:01 417211                     /usr/lib/jvm/java-11-openjdk-amd64/lib/server/libjvm.so
7fae37253000-7fae374af000 r--p 00ea1000 08:01 417211                     /usr/lib/jvm/java-11-openjdk-amd64/lib/server/libjvm.so
7fae374af000-7fae37573000 r--p 010fc000 08:01 417211                     /usr/lib/jvm/java-11-openjdk-amd64/lib/server/libjvm.so
7fae37573000-7fae375ae000 rw-p 011c0000 08:01 417211                     /usr/lib/jvm/java-11-openjdk-amd64/lib/server/libjvm.so
7fae375ae000-7fae37607000 rw-p 00000000 00:00 0 
7fae37607000-7fae37629000 r--p 00000000 08:01 393918                     /usr/lib/x86_64-linux-gnu/libc-2.28.so
7fae37629000-7fae37771000 r-xp 00022000 08:01 393918                     /usr/lib/x86_64-linux-gnu/libc-2.28.so
7fae37771000-7fae377bd000 r--p 0016a000 08:01 393918                     /usr/lib/x86_64-linux-gnu/libc-2.28.so
7fae377bd000-7fae377be000 ---p 001b6000 08:01 393918                     /usr/lib/x86_64-linux-gnu/libc-2.28.so
7fae377be000-7fae377c2000 r--p 001b6000 08:01 393918                     /usr/lib/x86_64-linux-gnu/libc-2.28.so
7fae377c2000-7fae377c4000 rw-p 001ba000 08:01 393918                     /usr/lib/x86_64-linux-gnu/libc-2.28.so
7fae377c4000-7fae377c8000 rw-p 00000000 00:00 0 
7fae377c8000-7fae377c9000 r--p 00000000 08:01 393920                     /usr/lib/x86_64-linux-gnu/libdl-2.28.so
7fae377c9000-7fae377ca000 r-xp 00001000 08:01 393920                     /usr/lib/x86_64-linux-gnu/libdl-2.28.so
7fae377ca000-7fae377cb000 r--p 00002000 08:01 393920                     /usr/lib/x86_64-linux-gnu/libdl-2.28.so
7fae377cb000-7fae377cc000 r--p 00002000 08:01 393920                     /usr/lib/x86_64-linux-gnu/libdl-2.28.so
7fae377cc000-7fae377cd000 rw-p 00003000 08:01 393920                     /usr/lib/x86_64-linux-gnu/libdl-2.28.so
7fae377cd000-7fae377d0000 r--p 00000000 08:01 415984                     /usr/lib/jvm/java-11-openjdk-amd64/lib/jli/libjli.so
7fae377d0000-7fae377da000 r-xp 00003000 08:01 415984                     /usr/lib/jvm/java-11-openjdk-amd64/lib/jli/libjli.so
7fae377da000-7fae377dd000 r--p 0000d000 08:01 415984                     /usr/lib/jvm/java-11-openjdk-amd64/lib/jli/libjli.so
7fae377dd000-7fae377de000 ---p 00010000 08:01 415984                     /usr/lib/jvm/java-11-openjdk-amd64/lib/jli/libjli.so
7fae377de000-7fae377df000 r--p 00010000 08:01 415984                     /usr/lib/jvm/java-11-openjdk-amd64/lib/jli/libjli.so
7fae377df000-7fae377e0000 rw-p 00011000 08:01 415984                     /usr/lib/jvm/java-11-openjdk-amd64/lib/jli/libjli.so
7fae377e0000-7fae377e6000 r--p 00000000 08:01 393936                     /usr/lib/x86_64-linux-gnu/libpthread-2.28.so
7fae377e6000-7fae377f5000 r-xp 00006000 08:01 393936                     /usr/lib/x86_64-linux-gnu/libpthread-2.28.so
7fae377f5000-7fae377fb000 r--p 00015000 08:01 393936                     /usr/lib/x86_64-linux-gnu/libpthread-2.28.so
7fae377fb000-7fae377fc000 r--p 0001a000 08:01 393936                     /usr/lib/x86_64-linux-gnu/libpthread-2.28.so
7fae377fc000-7fae377fd000 rw-p 0001b000 08:01 393936                     /usr/lib/x86_64-linux-gnu/libpthread-2.28.so
7fae377fd000-7fae37801000 rw-p 00000000 00:00 0 
7fae37801000-7fae3781d000 r-xp 00000000 08:01 395548                     /usr/lib/x86_64-linux-gnu/libz.so.1.2.11
7fae3781d000-7fae37a1d000 ---p 0001c000 08:01 395548                     /usr/lib/x86_64-linux-gnu/libz.so.1.2.11
7fae37a1d000-7fae37a1e000 r--p 0001c000 08:01 395548                     /usr/lib/x86_64-linux-gnu/libz.so.1.2.11
7fae37a1e000-7fae37a1f000 rw-p 0001d000 08:01 395548                     /usr/lib/x86_64-linux-gnu/libz.so.1.2.11
7fae37a1f000-7fae37a21000 rw-p 00000000 00:00 0 
7fae37a21000-7fae37a22000 r--s 00008000 08:01 133132                     /usr/share/java/java-atk-wrapper.jar
7fae37a22000-7fae37a23000 ---p 00000000 00:00 0 
7fae37a23000-7fae37a24000 r--p 00000000 00:00 0 
7fae37a24000-7fae37a29000 r--p 00000000 08:01 417206                     /usr/lib/jvm/java-11-openjdk-amd64/lib/libverify.so
7fae37a29000-7fae37a30000 r-xp 00005000 08:01 417206                     /usr/lib/jvm/java-11-openjdk-amd64/lib/libverify.so
7fae37a30000-7fae37a32000 r--p 0000c000 08:01 417206                     /usr/lib/jvm/java-11-openjdk-amd64/lib/libverify.so
7fae37a32000-7fae37a34000 r--p 0000d000 08:01 417206                     /usr/lib/jvm/java-11-openjdk-amd64/lib/libverify.so
7fae37a34000-7fae37a35000 rw-p 0000f000 08:01 417206                     /usr/lib/jvm/java-11-openjdk-amd64/lib/libverify.so
7fae37a35000-7fae37a36000 r--p 00000000 08:01 393238                     /usr/lib/x86_64-linux-gnu/ld-2.28.so
7fae37a36000-7fae37a54000 r-xp 00001000 08:01 393238                     /usr/lib/x86_64-linux-gnu/ld-2.28.so
7fae37a54000-7fae37a5c000 r--p 0001f000 08:01 393238                     /usr/lib/x86_64-linux-gnu/ld-2.28.so
7fae37a5c000-7fae37a5d000 r--p 00026000 08:01 393238                     /usr/lib/x86_64-linux-gnu/ld-2.28.so
7fae37a5d000-7fae37a5e000 rw-p 00027000 08:01 393238                     /usr/lib/x86_64-linux-gnu/ld-2.28.so
7fae37a5e000-7fae37a5f000 rw-p 00000000 00:00 0 
7ffc9ebf6000-7ffc9ec17000 rw-p 00000000 00:00 0                          [stack]
7ffc9ed3b000-7ffc9ed3e000 r--p 00000000 00:00 0                          [vvar]
7ffc9ed3e000-7ffc9ed40000 r-xp 00000000 00:00 0                          [vdso]


VM Arguments:
java_command: VirtualNetwork.jar -v s4
java_class_path (initial): VirtualNetwork.jar
Launcher Type: SUN_STANDARD

[Global flags]
     intx CICompilerCount                          = 2                                         {product} {ergonomic}
   size_t InitialHeapSize                          = 16777216                                  {product} {ergonomic}
   size_t MaxHeapSize                              = 260046848                                 {product} {ergonomic}
   size_t MaxNewSize                               = 86638592                                  {product} {ergonomic}
   size_t MinHeapDeltaBytes                        = 196608                                    {product} {ergonomic}
   size_t NewSize                                  = 5570560                                   {product} {ergonomic}
    uintx NonNMethodCodeHeapSize                   = 5825164                                {pd product} {ergonomic}
    uintx NonProfiledCodeHeapSize                  = 122916538                              {pd product} {ergonomic}
   size_t OldSize                                  = 11206656                                  {product} {ergonomic}
    uintx ProfiledCodeHeapSize                     = 122916538                              {pd product} {ergonomic}
    uintx ReservedCodeCacheSize                    = 251658240                              {pd product} {ergonomic}
     bool SegmentedCodeCache                       = true                                      {product} {ergonomic}
     bool UseCompressedClassPointers               = true                                 {lp64_product} {ergonomic}
     bool UseCompressedOops                        = true                                 {lp64_product} {ergonomic}
     bool UseSerialGC                              = true                                      {product} {ergonomic}

Logging:
Log output configuration:
 #0: stdout all=warning uptime,level,tags
 #1: stderr all=off uptime,level,tags

Environment Variables:
PATH=/sbin:/usr/local/bin:/usr/bin:/bin:/usr/local/games:/usr/games
SHELL=/bin/bash
DISPLAY=localhost:15.0
LANG=en_US.UTF-8

Signal Handlers:
SIGSEGV: [libjvm.so+0xe2de50], sa_mask[0]=11111111011111111101111111111110, sa_flags=SA_RESTART|SA_SIGINFO
SIGBUS: [libjvm.so+0xe2de50], sa_mask[0]=11111111011111111101111111111110, sa_flags=SA_RESTART|SA_SIGINFO
SIGFPE: [libjvm.so+0xe2de50], sa_mask[0]=11111111011111111101111111111110, sa_flags=SA_RESTART|SA_SIGINFO
SIGPIPE: [libjvm.so+0xb83a80], sa_mask[0]=11111111011111111101111111111110, sa_flags=SA_RESTART|SA_SIGINFO
SIGXFSZ: [libjvm.so+0xb83a80], sa_mask[0]=11111111011111111101111111111110, sa_flags=SA_RESTART|SA_SIGINFO
SIGILL: [libjvm.so+0xe2de50], sa_mask[0]=11111111011111111101111111111110, sa_flags=SA_RESTART|SA_SIGINFO
SIGUSR2: [libjvm.so+0xb83910], sa_mask[0]=00000000000000000000000000000000, sa_flags=SA_RESTART|SA_SIGINFO
SIGHUP: SIG_DFL, sa_mask[0]=00000000000000000000000000000000, sa_flags=none
SIGINT: SIG_DFL, sa_mask[0]=00000000000000000000000000000000, sa_flags=none
SIGTERM: SIG_DFL, sa_mask[0]=00000000000000000000000000000000, sa_flags=none
SIGQUIT: SIG_DFL, sa_mask[0]=00000000000000000000000000000000, sa_flags=none


---------------  S Y S T E M  ---------------

OS:PRETTY_NAME="Debian GNU/Linux 10 (buster)"
NAME="Debian GNU/Linux"
VERSION_ID="10"
VERSION="10 (buster)"
VERSION_CODENAME=buster
ID=debian
HOME_URL="https://www.debian.org/"
SUPPORT_URL="https://www.debian.org/support"
BUG_REPORT_URL="https://bugs.debian.org/"
uname:Linux 4.19.0-18-amd64 #1 SMP Debian 4.19.208-1 (2021-09-29) x86_64
OS uptime: 20 days 23:59 hours
libc:glibc 2.28 NPTL 2.28 
rlimit (soft/hard): STACK 8192k/infinity , CORE 0k/infinity , NPROC 3789/3789 , NOFILE 1048576/1048576 , AS infinity/infinity , CPU infinity/infinity , DATA infinity/infinity , FSIZE infinity/infinity , MEMLOCK 65536k/65536k
load average:2.35 0.73 0.31

/proc/meminfo:
MemTotal:        1009952 kB
MemFree:           49984 kB
MemAvailable:          0 kB
Buffers:             140 kB
Cached:            36804 kB
SwapCached:            0 kB
Active:           767632 kB
Inactive:          23056 kB
Active(anon):     764468 kB
Inactive(anon):    19092 kB
Active(file):       3164 kB
Inactive(file):     3964 kB
Unevictable:       37724 kB
Mlocked:           37724 kB
SwapTotal:             0 kB
SwapFree:              0 kB
Dirty:                20 kB
Writeback:             0 kB
AnonPages:        789528 kB
Mapped:            25764 kB
Shmem:             19884 kB
Slab:              77536 kB
SReclaimable:      21484 kB
SUnreclaim:        56052 kB
KernelStack:        6624 kB
PageTables:        13452 kB
NFS_Unstable:          0 kB
Bounce:                0 kB
WritebackTmp:          0 kB
CommitLimit:      504976 kB
Committed_AS:    2186344 kB
VmallocTotal:   34359738367 kB
VmallocUsed:           0 kB
VmallocChunk:          0 kB
Percpu:              556 kB
HardwareCorrupted:     0 kB
AnonHugePages:     49152 kB
ShmemHugePages:        0 kB
ShmemPmdMapped:        0 kB
HugePages_Total:       0
HugePages_Free:        0
HugePages_Rsvd:        0
HugePages_Surp:        0
Hugepagesize:       2048 kB
Hugetlb:               0 kB
DirectMap4k:      110464 kB
DirectMap2M:      937984 kB

/sys/kernel/mm/transparent_hugepage/enabled:
[always] madvise never
/sys/kernel/mm/transparent_hugepage/defrag (defrag/compaction efforts parameter):
always defer defer+madvise [madvise] never

Process Memory:
Virtual Size: 723920K (peak: 734864K)
Resident Set Size: 4808K (peak: 5612K) (anon: 1876K, file: 2932K, shmem: 0K)
Swapped out: 0K
C-Heap outstanding allocations: 305K

/proc/sys/kernel/threads-max (system-wide limit on the number of threads):
7579
/proc/sys/vm/max_map_count (maximum number of memory map areas a process may have):
65530
/proc/sys/kernel/pid_max (system-wide limit on number of process identifiers):
32768

container (cgroup) information:
container_type: cgroupv1
cpu_cpuset_cpus: 0
cpu_memory_nodes: 0
active_processor_count: 1
cpu_quota: -1
cpu_period: 100000
cpu_shares: -1
memory_limit_in_bytes: -1
memory_and_swap_limit_in_bytes: -2
memory_soft_limit_in_bytes: -1
memory_usage_in_bytes: 5644288
memory_max_usage_in_bytes: 6995968

VMWare virtualization detected
Steal ticks since vm start: 0
Steal ticks percentage since vm start:  0.000

CPU:total 1 (initial active 1) (1 cores per cpu, 1 threads per core) family 6 model 63 stepping 2 microcode 0x46, cmov, cx8, fxsr, mmx, sse, sse2, sse3, ssse3, sse4.1, sse4.2, popcnt, aes, clmul, tsc, tscinvbit
CPU Model and flags from /proc/cpuinfo:
model name	: Intel(R) Xeon(R) CPU E5-2630 v3 @ 2.40GHz
flags		: fpu vme de pse tsc msr pae mce cx8 apic sep mtrr pge mca cmov pat pse36 clflush mmx fxsr sse sse2 ss syscall nx rdtscp lm constant_tsc arch_perfmon nopl tsc_reliable nonstop_tsc cpuid pni pclmulqdq ssse3 cx16 sse4_1 sse4_2 movbe popcnt aes hypervisor lahf_lm pti arat
Online cpus:
0
Offline cpus:

BIOS frequency limitation:
<Not Available>
Frequency switch latency (ns):
<Not Available>
Available cpu frequencies:
<Not Available>
Current governor:
<Not Available>
Core performance/turbo boost:
<Not Available>

Memory: 4k page, physical 1009952k(49732k free), swap 0k(0k free)

vm_info: OpenJDK 64-Bit Server VM (11.0.14+9-post-Debian-1deb10u1) for linux-amd64 JRE (11.0.14+9-post-Debian-1deb10u1), built on Jan 21 2022 16:20:34 by "unknown" with gcc 8.3.0

END.
