#
# There is insufficient memory for the Java Runtime Environment to continue.
# Native memory allocation (mmap) failed to map 11206656 bytes for committing reserved memory.
# Possible reasons:
#   The system is out of physical RAM or swap space
#   The process is running with CompressedOops enabled, and the Java Heap may be blocking the growth of the native heap
# Possible solutions:
#   Reduce memory load on the system
#   Increase physical memory or swap space
#   Check if swap backing store is full
#   Decrease Java heap size (-Xmx/-Xms)
#   Decrease number of Java threads
#   Decrease Java thread stack sizes (-Xss)
#   Set larger code cache with -XX:ReservedCodeCacheSize=
# This output file may be truncated or incomplete.
#
#  Out of Memory Error (os_linux.cpp:3007), pid=6454, tid=6455
#
# JRE version:  (11.0.14+9) (build )
# Java VM: OpenJDK 64-Bit Server VM (11.0.14+9-post-Debian-1deb10u1, mixed mode, sharing, tiered, compressed oops, serial gc, linux-amd64)
# No core dump will be written. Core dumps have been disabled. To enable core dumping, try "ulimit -c unlimited" before starting Java again
#

---------------  S U M M A R Y ------------

Command Line: VirtualNetwork.jar -v s4

Host: Intel(R) Xeon(R) CPU E5-2630 v3 @ 2.40GHz, 1 cores, 986M, Debian GNU/Linux 10 (buster)
Time: Sun Mar  6 15:53:22 2022 CST elapsed time: 0.484426 seconds (0d 0h 0m 0s)

---------------  T H R E A D  ---------------

Current thread (0x00007fb2b8016000):  JavaThread "Unknown thread" [_thread_in_vm, id=6455, stack(0x00007fb2befff000,0x00007fb2bf100000)]

Stack: [0x00007fb2befff000,0x00007fb2bf100000],  sp=0x00007fb2bf0fe2d0,  free space=1020k
Native frames: (J=compiled Java code, A=aot compiled Java code, j=interpreted, Vv=VM code, C=native code)
V  [libjvm.so+0xe2ce86]
V  [libjvm.so+0xe2ddfb]
V  [libjvm.so+0x6555d5]
V  [libjvm.so+0xb88b0a]
V  [libjvm.so+0xb7ef0f]
V  [libjvm.so+0xe2555b]
V  [libjvm.so+0x7bcc91]
V  [libjvm.so+0x53a819]
V  [libjvm.so+0xdbf92b]
V  [libjvm.so+0x7bd6fc]
V  [libjvm.so+0x7a9189]
V  [libjvm.so+0xdf0c82]
V  [libjvm.so+0xdf0f46]
V  [libjvm.so+0x815ae7]
V  [libjvm.so+0xdca89a]
V  [libjvm.so+0x8bcbe1]  JNI_CreateJavaVM+0x51
C  [libjli.so+0x4868]
C  [libjli.so+0x95c9]


---------------  P R O C E S S  ---------------

Threads class SMR info:
_java_thread_list=0x000055679b567f10, length=0, elements={
}

Java Threads: ( => current thread )

Other Threads:

=>0x00007fb2b8016000 (exited) JavaThread "Unknown thread" [_thread_in_vm, id=6455, stack(0x00007fb2befff000,0x00007fb2bf100000)]

Threads with active compile tasks:

VM state:not at safepoint (not fully initialized)

VM Mutex/Monitor currently owned by a thread: None

Heap address: 0x00000000f0800000, size: 248 MB, Compressed Oops mode: Non-zero based: 0x00000000f0800000
Narrow klass base: 0x0000000000000000, Narrow klass shift: 0

GC Heap History (0 events):
No events

Deoptimization events (0 events):
No events

Classes redefined (0 events):
No events

Internal exceptions (0 events):
No events

Events (2 events):
Event: 0.200 Protecting memory [0x00007fb2befff000,0x00007fb2bf003000] with protection modes 0
Event: 0.240 Loaded shared library /usr/lib/jvm/java-11-openjdk-amd64/lib/libzip.so


Dynamic libraries:
f0800000-f0d50000 rw-p 00000000 00:00 0 
f0d50000-f5aa0000 ---p 00000000 00:00 0 
f6550000-100000000 ---p 00000000 00:00 0 
55679ab86000-55679ab87000 r--p 00000000 08:01 415117                     /usr/lib/jvm/java-11-openjdk-amd64/bin/java
55679ab87000-55679ab88000 r-xp 00001000 08:01 415117                     /usr/lib/jvm/java-11-openjdk-amd64/bin/java
55679ab88000-55679ab89000 r--p 00002000 08:01 415117                     /usr/lib/jvm/java-11-openjdk-amd64/bin/java
55679ab89000-55679ab8a000 r--p 00002000 08:01 415117                     /usr/lib/jvm/java-11-openjdk-amd64/bin/java
55679ab8a000-55679ab8b000 rw-p 00003000 08:01 415117                     /usr/lib/jvm/java-11-openjdk-amd64/bin/java
55679b550000-55679b571000 rw-p 00000000 00:00 0                          [heap]
7fb2a083d000-7fb2a0aad000 rwxp 00000000 00:00 0 
7fb2a0aad000-7fb2a0dcc000 ---p 00000000 00:00 0 
7fb2a0dcc000-7fb2a103c000 rwxp 00000000 00:00 0 
7fb2a103c000-7fb2a8304000 ---p 00000000 00:00 0 
7fb2a8304000-7fb2a8574000 rwxp 00000000 00:00 0 
7fb2a8574000-7fb2af83d000 ---p 00000000 00:00 0 
7fb2af83d000-7fb2b8000000 r--s 00000000 08:01 417208                     /usr/lib/jvm/java-11-openjdk-amd64/lib/modules
7fb2b8000000-7fb2b8034000 rw-p 00000000 00:00 0 
7fb2b8034000-7fb2bc000000 ---p 00000000 00:00 0 
7fb2bed37000-7fb2bed3a000 rw-p 00000000 00:00 0 
7fb2bed3a000-7fb2bedb3000 ---p 00000000 00:00 0 
7fb2bedb3000-7fb2bedb9000 rw-p 00000000 00:00 0 
7fb2bedb9000-7fb2bee9f000 ---p 00000000 00:00 0 
7fb2bee9f000-7fb2beea4000 rw-p 00000000 00:00 0 
7fb2beea4000-7fb2bef8a000 ---p 00000000 00:00 0 
7fb2bef8a000-7fb2bef8f000 rw-p 00000000 00:00 0 
7fb2bef8f000-7fb2bef96000 ---p 00000000 00:00 0 
7fb2bef96000-7fb2bef99000 r--p 00000000 08:01 393930                     /usr/lib/x86_64-linux-gnu/libnss_files-2.28.so
7fb2bef99000-7fb2befa0000 r-xp 00003000 08:01 393930                     /usr/lib/x86_64-linux-gnu/libnss_files-2.28.so
7fb2befa0000-7fb2befa2000 r--p 0000a000 08:01 393930                     /usr/lib/x86_64-linux-gnu/libnss_files-2.28.so
7fb2befa2000-7fb2befa3000 ---p 0000c000 08:01 393930                     /usr/lib/x86_64-linux-gnu/libnss_files-2.28.so
7fb2befa3000-7fb2befa4000 r--p 0000c000 08:01 393930                     /usr/lib/x86_64-linux-gnu/libnss_files-2.28.so
7fb2befa4000-7fb2befa5000 rw-p 0000d000 08:01 393930                     /usr/lib/x86_64-linux-gnu/libnss_files-2.28.so
7fb2befa5000-7fb2befab000 rw-p 00000000 00:00 0 
7fb2befad000-7fb2befaf000 r--p 00000000 08:01 417207                     /usr/lib/jvm/java-11-openjdk-amd64/lib/libzip.so
7fb2befaf000-7fb2befb3000 r-xp 00002000 08:01 417207                     /usr/lib/jvm/java-11-openjdk-amd64/lib/libzip.so
7fb2befb3000-7fb2befb5000 r--p 00006000 08:01 417207                     /usr/lib/jvm/java-11-openjdk-amd64/lib/libzip.so
7fb2befb5000-7fb2befb6000 r--p 00007000 08:01 417207                     /usr/lib/jvm/java-11-openjdk-amd64/lib/libzip.so
7fb2befb6000-7fb2befb7000 rw-p 00008000 08:01 417207                     /usr/lib/jvm/java-11-openjdk-amd64/lib/libzip.so
7fb2befb7000-7fb2befbf000 rw-s 00000000 08:01 28109                      /tmp/hsperfdata_mininet/6454
7fb2befbf000-7fb2befc1000 r--p 00000000 08:01 417190                     /usr/lib/jvm/java-11-openjdk-amd64/lib/libjimage.so
7fb2befc1000-7fb2befc4000 r-xp 00002000 08:01 417190                     /usr/lib/jvm/java-11-openjdk-amd64/lib/libjimage.so
7fb2befc4000-7fb2befc5000 r--p 00005000 08:01 417190                     /usr/lib/jvm/java-11-openjdk-amd64/lib/libjimage.so
7fb2befc5000-7fb2befc6000 ---p 00006000 08:01 417190                     /usr/lib/jvm/java-11-openjdk-amd64/lib/libjimage.so
7fb2befc6000-7fb2befc7000 r--p 00006000 08:01 417190                     /usr/lib/jvm/java-11-openjdk-amd64/lib/libjimage.so
7fb2befc7000-7fb2befc8000 rw-p 00007000 08:01 417190                     /usr/lib/jvm/java-11-openjdk-amd64/lib/libjimage.so
7fb2befc8000-7fb2befd6000 r--p 00000000 08:01 417187                     /usr/lib/jvm/java-11-openjdk-amd64/lib/libjava.so
7fb2befd6000-7fb2befeb000 r-xp 0000e000 08:01 417187                     /usr/lib/jvm/java-11-openjdk-amd64/lib/libjava.so
7fb2befeb000-7fb2beff2000 r--p 00023000 08:01 417187                     /usr/lib/jvm/java-11-openjdk-amd64/lib/libjava.so
7fb2beff2000-7fb2beff3000 r--p 00029000 08:01 417187                     /usr/lib/jvm/java-11-openjdk-amd64/lib/libjava.so
7fb2beff3000-7fb2beff4000 rw-p 0002a000 08:01 417187                     /usr/lib/jvm/java-11-openjdk-amd64/lib/libjava.so
7fb2beff4000-7fb2beff5000 rw-p 00000000 00:00 0 
7fb2beff5000-7fb2beff7000 r--p 00000000 08:01 393938                     /usr/lib/x86_64-linux-gnu/librt-2.28.so
7fb2beff7000-7fb2beffb000 r-xp 00002000 08:01 393938                     /usr/lib/x86_64-linux-gnu/librt-2.28.so
7fb2beffb000-7fb2beffd000 r--p 00006000 08:01 393938                     /usr/lib/x86_64-linux-gnu/librt-2.28.so
7fb2beffd000-7fb2beffe000 r--p 00007000 08:01 393938                     /usr/lib/x86_64-linux-gnu/librt-2.28.so
7fb2beffe000-7fb2befff000 rw-p 00008000 08:01 393938                     /usr/lib/x86_64-linux-gnu/librt-2.28.so
7fb2befff000-7fb2bf003000 ---p 00000000 00:00 0 
7fb2bf003000-7fb2bf100000 rw-p 00000000 00:00 0 
7fb2bf100000-7fb2bf103000 r--p 00000000 08:01 393233                     /usr/lib/x86_64-linux-gnu/libgcc_s.so.1
7fb2bf103000-7fb2bf114000 r-xp 00003000 08:01 393233                     /usr/lib/x86_64-linux-gnu/libgcc_s.so.1
7fb2bf114000-7fb2bf117000 r--p 00014000 08:01 393233                     /usr/lib/x86_64-linux-gnu/libgcc_s.so.1
7fb2bf117000-7fb2bf118000 ---p 00017000 08:01 393233                     /usr/lib/x86_64-linux-gnu/libgcc_s.so.1
7fb2bf118000-7fb2bf119000 r--p 00017000 08:01 393233                     /usr/lib/x86_64-linux-gnu/libgcc_s.so.1
7fb2bf119000-7fb2bf11a000 rw-p 00018000 08:01 393233                     /usr/lib/x86_64-linux-gnu/libgcc_s.so.1
7fb2bf11a000-7fb2bf127000 r--p 00000000 08:01 393923                     /usr/lib/x86_64-linux-gnu/libm-2.28.so
7fb2bf127000-7fb2bf1c6000 r-xp 0000d000 08:01 393923                     /usr/lib/x86_64-linux-gnu/libm-2.28.so
7fb2bf1c6000-7fb2bf29b000 r--p 000ac000 08:01 393923                     /usr/lib/x86_64-linux-gnu/libm-2.28.so
7fb2bf29b000-7fb2bf29c000 r--p 00180000 08:01 393923                     /usr/lib/x86_64-linux-gnu/libm-2.28.so
7fb2bf29c000-7fb2bf29d000 rw-p 00181000 08:01 393923                     /usr/lib/x86_64-linux-gnu/libm-2.28.so
7fb2bf29d000-7fb2bf326000 r--p 00000000 08:01 396665                     /usr/lib/x86_64-linux-gnu/libstdc++.so.6.0.25
7fb2bf326000-7fb2bf3d2000 r-xp 00089000 08:01 396665                     /usr/lib/x86_64-linux-gnu/libstdc++.so.6.0.25
7fb2bf3d2000-7fb2bf410000 r--p 00135000 08:01 396665                     /usr/lib/x86_64-linux-gnu/libstdc++.so.6.0.25
7fb2bf410000-7fb2bf411000 ---p 00173000 08:01 396665                     /usr/lib/x86_64-linux-gnu/libstdc++.so.6.0.25
7fb2bf411000-7fb2bf41b000 r--p 00173000 08:01 396665                     /usr/lib/x86_64-linux-gnu/libstdc++.so.6.0.25
7fb2bf41b000-7fb2bf41d000 rw-p 0017d000 08:01 396665                     /usr/lib/x86_64-linux-gnu/libstdc++.so.6.0.25
7fb2bf41d000-7fb2bf421000 rw-p 00000000 00:00 0 
7fb2bf421000-7fb2bf6a3000 r--p 00000000 08:01 417211                     /usr/lib/jvm/java-11-openjdk-amd64/lib/server/libjvm.so
7fb2bf6a3000-7fb2c02c2000 r-xp 00282000 08:01 417211                     /usr/lib/jvm/java-11-openjdk-amd64/lib/server/libjvm.so
7fb2c02c2000-7fb2c051e000 r--p 00ea1000 08:01 417211                     /usr/lib/jvm/java-11-openjdk-amd64/lib/server/libjvm.so
7fb2c051e000-7fb2c05e2000 r--p 010fc000 08:01 417211                     /usr/lib/jvm/java-11-openjdk-amd64/lib/server/libjvm.so
7fb2c05e2000-7fb2c061d000 rw-p 011c0000 08:01 417211                     /usr/lib/jvm/java-11-openjdk-amd64/lib/server/libjvm.so
7fb2c061d000-7fb2c0676000 rw-p 00000000 00:00 0 
7fb2c0676000-7fb2c0698000 r--p 00000000 08:01 393918                     /usr/lib/x86_64-linux-gnu/libc-2.28.so
7fb2c0698000-7fb2c07e0000 r-xp 00022000 08:01 393918                     /usr/lib/x86_64-linux-gnu/libc-2.28.so
7fb2c07e0000-7fb2c082c000 r--p 0016a000 08:01 393918                     /usr/lib/x86_64-linux-gnu/libc-2.28.so
7fb2c082c000-7fb2c082d000 ---p 001b6000 08:01 393918                     /usr/lib/x86_64-linux-gnu/libc-2.28.so
7fb2c082d000-7fb2c0831000 r--p 001b6000 08:01 393918                     /usr/lib/x86_64-linux-gnu/libc-2.28.so
7fb2c0831000-7fb2c0833000 rw-p 001ba000 08:01 393918                     /usr/lib/x86_64-linux-gnu/libc-2.28.so
7fb2c0833000-7fb2c0837000 rw-p 00000000 00:00 0 
7fb2c0837000-7fb2c0838000 r--p 00000000 08:01 393920                     /usr/lib/x86_64-linux-gnu/libdl-2.28.so
7fb2c0838000-7fb2c0839000 r-xp 00001000 08:01 393920                     /usr/lib/x86_64-linux-gnu/libdl-2.28.so
7fb2c0839000-7fb2c083a000 r--p 00002000 08:01 393920                     /usr/lib/x86_64-linux-gnu/libdl-2.28.so
7fb2c083a000-7fb2c083b000 r--p 00002000 08:01 393920                     /usr/lib/x86_64-linux-gnu/libdl-2.28.so
7fb2c083b000-7fb2c083c000 rw-p 00003000 08:01 393920                     /usr/lib/x86_64-linux-gnu/libdl-2.28.so
7fb2c083c000-7fb2c083f000 r--p 00000000 08:01 415984                     /usr/lib/jvm/java-11-openjdk-amd64/lib/jli/libjli.so
7fb2c083f000-7fb2c0849000 r-xp 00003000 08:01 415984                     /usr/lib/jvm/java-11-openjdk-amd64/lib/jli/libjli.so
7fb2c0849000-7fb2c084c000 r--p 0000d000 08:01 415984                     /usr/lib/jvm/java-11-openjdk-amd64/lib/jli/libjli.so
7fb2c084c000-7fb2c084d000 ---p 00010000 08:01 415984                     /usr/lib/jvm/java-11-openjdk-amd64/lib/jli/libjli.so
7fb2c084d000-7fb2c084e000 r--p 00010000 08:01 415984                     /usr/lib/jvm/java-11-openjdk-amd64/lib/jli/libjli.so
7fb2c084e000-7fb2c084f000 rw-p 00011000 08:01 415984                     /usr/lib/jvm/java-11-openjdk-amd64/lib/jli/libjli.so
7fb2c084f000-7fb2c0855000 r--p 00000000 08:01 393936                     /usr/lib/x86_64-linux-gnu/libpthread-2.28.so
7fb2c0855000-7fb2c0864000 r-xp 00006000 08:01 393936                     /usr/lib/x86_64-linux-gnu/libpthread-2.28.so
7fb2c0864000-7fb2c086a000 r--p 00015000 08:01 393936                     /usr/lib/x86_64-linux-gnu/libpthread-2.28.so
7fb2c086a000-7fb2c086b000 r--p 0001a000 08:01 393936                     /usr/lib/x86_64-linux-gnu/libpthread-2.28.so
7fb2c086b000-7fb2c086c000 rw-p 0001b000 08:01 393936                     /usr/lib/x86_64-linux-gnu/libpthread-2.28.so
7fb2c086c000-7fb2c0870000 rw-p 00000000 00:00 0 
7fb2c0870000-7fb2c088c000 r-xp 00000000 08:01 395548                     /usr/lib/x86_64-linux-gnu/libz.so.1.2.11
7fb2c088c000-7fb2c0a8c000 ---p 0001c000 08:01 395548                     /usr/lib/x86_64-linux-gnu/libz.so.1.2.11
7fb2c0a8c000-7fb2c0a8d000 r--p 0001c000 08:01 395548                     /usr/lib/x86_64-linux-gnu/libz.so.1.2.11
7fb2c0a8d000-7fb2c0a8e000 rw-p 0001d000 08:01 395548                     /usr/lib/x86_64-linux-gnu/libz.so.1.2.11
7fb2c0a8e000-7fb2c0a90000 rw-p 00000000 00:00 0 
7fb2c0a90000-7fb2c0a91000 r--s 00008000 08:01 133132                     /usr/share/java/java-atk-wrapper.jar
7fb2c0a91000-7fb2c0a92000 ---p 00000000 00:00 0 
7fb2c0a92000-7fb2c0a93000 r--p 00000000 00:00 0 
7fb2c0a93000-7fb2c0a98000 r--p 00000000 08:01 417206                     /usr/lib/jvm/java-11-openjdk-amd64/lib/libverify.so
7fb2c0a98000-7fb2c0a9f000 r-xp 00005000 08:01 417206                     /usr/lib/jvm/java-11-openjdk-amd64/lib/libverify.so
7fb2c0a9f000-7fb2c0aa1000 r--p 0000c000 08:01 417206                     /usr/lib/jvm/java-11-openjdk-amd64/lib/libverify.so
7fb2c0aa1000-7fb2c0aa3000 r--p 0000d000 08:01 417206                     /usr/lib/jvm/java-11-openjdk-amd64/lib/libverify.so
7fb2c0aa3000-7fb2c0aa4000 rw-p 0000f000 08:01 417206                     /usr/lib/jvm/java-11-openjdk-amd64/lib/libverify.so
7fb2c0aa4000-7fb2c0aa5000 r--p 00000000 08:01 393238                     /usr/lib/x86_64-linux-gnu/ld-2.28.so
7fb2c0aa5000-7fb2c0ac3000 r-xp 00001000 08:01 393238                     /usr/lib/x86_64-linux-gnu/ld-2.28.so
7fb2c0ac3000-7fb2c0acb000 r--p 0001f000 08:01 393238                     /usr/lib/x86_64-linux-gnu/ld-2.28.so
7fb2c0acb000-7fb2c0acc000 r--p 00026000 08:01 393238                     /usr/lib/x86_64-linux-gnu/ld-2.28.so
7fb2c0acc000-7fb2c0acd000 rw-p 00027000 08:01 393238                     /usr/lib/x86_64-linux-gnu/ld-2.28.so
7fb2c0acd000-7fb2c0ace000 rw-p 00000000 00:00 0 
7ffc0b94e000-7ffc0b96f000 rw-p 00000000 00:00 0                          [stack]
7ffc0b9a2000-7ffc0b9a5000 r--p 00000000 00:00 0                          [vvar]
7ffc0b9a5000-7ffc0b9a7000 r-xp 00000000 00:00 0                          [vdso]


VM Arguments:
java_command: VirtualNetwork.jar -v s4
java_class_path (initial): VirtualNetwork.jar
Launcher Type: SUN_STANDARD

[Global flags]
     intx CICompilerCount                          = 2                                         {product} {ergonomic}
   size_t InitialHeapSize                          = 16777216                                  {product} {ergonomic}
   size_t MaxHeapSize                              = 260046848                                 {product} {ergonomic}
   size_t MaxNewSize                               = 86638592                                  {product} {ergonomic}
   size_t MinHeapDeltaBytes                        = 196608                                    {product} {ergonomic}
   size_t NewSize                                  = 5570560                                   {product} {ergonomic}
    uintx NonNMethodCodeHeapSize                   = 5825164                                {pd product} {ergonomic}
    uintx NonProfiledCodeHeapSize                  = 122916538                              {pd product} {ergonomic}
   size_t OldSize                                  = 11206656                                  {product} {ergonomic}
    uintx ProfiledCodeHeapSize                     = 122916538                              {pd product} {ergonomic}
    uintx ReservedCodeCacheSize                    = 251658240                              {pd product} {ergonomic}
     bool SegmentedCodeCache                       = true                                      {product} {ergonomic}
     bool UseCompressedClassPointers               = true                                 {lp64_product} {ergonomic}
     bool UseCompressedOops                        = true                                 {lp64_product} {ergonomic}
     bool UseSerialGC                              = true                                      {product} {ergonomic}

Logging:
Log output configuration:
 #0: stdout all=warning uptime,level,tags
 #1: stderr all=off uptime,level,tags

Environment Variables:
PATH=/sbin:/usr/local/bin:/usr/bin:/bin:/usr/local/games:/usr/games
SHELL=/bin/bash
DISPLAY=localhost:15.0
LANG=en_US.UTF-8

Signal Handlers:
SIGSEGV: [libjvm.so+0xe2de50], sa_mask[0]=11111111011111111101111111111110, sa_flags=SA_RESTART|SA_SIGINFO
SIGBUS: [libjvm.so+0xe2de50], sa_mask[0]=11111111011111111101111111111110, sa_flags=SA_RESTART|SA_SIGINFO
SIGFPE: [libjvm.so+0xe2de50], sa_mask[0]=11111111011111111101111111111110, sa_flags=SA_RESTART|SA_SIGINFO
SIGPIPE: [libjvm.so+0xb83a80], sa_mask[0]=11111111011111111101111111111110, sa_flags=SA_RESTART|SA_SIGINFO
SIGXFSZ: [libjvm.so+0xb83a80], sa_mask[0]=11111111011111111101111111111110, sa_flags=SA_RESTART|SA_SIGINFO
SIGILL: [libjvm.so+0xe2de50], sa_mask[0]=11111111011111111101111111111110, sa_flags=SA_RESTART|SA_SIGINFO
SIGUSR2: [libjvm.so+0xb83910], sa_mask[0]=00000000000000000000000000000000, sa_flags=SA_RESTART|SA_SIGINFO
SIGHUP: SIG_DFL, sa_mask[0]=00000000000000000000000000000000, sa_flags=none
SIGINT: SIG_DFL, sa_mask[0]=00000000000000000000000000000000, sa_flags=none
SIGTERM: SIG_DFL, sa_mask[0]=00000000000000000000000000000000, sa_flags=none
SIGQUIT: SIG_DFL, sa_mask[0]=00000000000000000000000000000000, sa_flags=none


---------------  S Y S T E M  ---------------

OS:PRETTY_NAME="Debian GNU/Linux 10 (buster)"
NAME="Debian GNU/Linux"
VERSION_ID="10"
VERSION="10 (buster)"
VERSION_CODENAME=buster
ID=debian
HOME_URL="https://www.debian.org/"
SUPPORT_URL="https://www.debian.org/support"
BUG_REPORT_URL="https://bugs.debian.org/"
uname:Linux 4.19.0-18-amd64 #1 SMP Debian 4.19.208-1 (2021-09-29) x86_64
OS uptime: 21 days 0:02 hours
libc:glibc 2.28 NPTL 2.28 
rlimit (soft/hard): STACK 8192k/infinity , CORE 0k/infinity , NPROC 3789/3789 , NOFILE 1048576/1048576 , AS infinity/infinity , CPU infinity/infinity , DATA infinity/infinity , FSIZE infinity/infinity , MEMLOCK 65536k/65536k
load average:8.79 3.21 1.26

/proc/meminfo:
MemTotal:        1009952 kB
MemFree:           49364 kB
MemAvailable:          0 kB
Buffers:             264 kB
Cached:            35708 kB
SwapCached:            0 kB
Active:           768904 kB
Inactive:          22224 kB
Active(anon):     765844 kB
Inactive(anon):    19076 kB
Active(file):       3060 kB
Inactive(file):     3148 kB
Unevictable:       37724 kB
Mlocked:           37724 kB
SwapTotal:             0 kB
SwapFree:              0 kB
Dirty:                32 kB
Writeback:             0 kB
AnonPages:        792928 kB
Mapped:            24892 kB
Shmem:             19868 kB
Slab:              78032 kB
SReclaimable:      21788 kB
SUnreclaim:        56244 kB
KernelStack:        6480 kB
PageTables:        13208 kB
NFS_Unstable:          0 kB
Bounce:                0 kB
WritebackTmp:          0 kB
CommitLimit:      504976 kB
Committed_AS:    2140192 kB
VmallocTotal:   34359738367 kB
VmallocUsed:           0 kB
VmallocChunk:          0 kB
Percpu:              556 kB
HardwareCorrupted:     0 kB
AnonHugePages:     47104 kB
ShmemHugePages:        0 kB
ShmemPmdMapped:        0 kB
HugePages_Total:       0
HugePages_Free:        0
HugePages_Rsvd:        0
HugePages_Surp:        0
Hugepagesize:       2048 kB
Hugetlb:               0 kB
DirectMap4k:      110464 kB
DirectMap2M:      937984 kB

/sys/kernel/mm/transparent_hugepage/enabled:
[always] madvise never
/sys/kernel/mm/transparent_hugepage/defrag (defrag/compaction efforts parameter):
always defer defer+madvise [madvise] never

Process Memory:
Virtual Size: 723920K (peak: 734864K)
Resident Set Size: 5620K (peak: 6392K) (anon: 1856K, file: 3764K, shmem: 0K)
Swapped out: 0K
C-Heap outstanding allocations: 305K

/proc/sys/kernel/threads-max (system-wide limit on the number of threads):
7579
/proc/sys/vm/max_map_count (maximum number of memory map areas a process may have):
65530
/proc/sys/kernel/pid_max (system-wide limit on number of process identifiers):
32768

container (cgroup) information:
container_type: cgroupv1
cpu_cpuset_cpus: 0
cpu_memory_nodes: 0
active_processor_count: 1
cpu_quota: -1
cpu_period: 100000
cpu_shares: -1
memory_limit_in_bytes: -1
memory_and_swap_limit_in_bytes: -2
memory_soft_limit_in_bytes: -1
memory_usage_in_bytes: 6377472
memory_max_usage_in_bytes: 15933440

VMWare virtualization detected
Steal ticks since vm start: 0
Steal ticks percentage since vm start:  0.000

CPU:total 1 (initial active 1) (1 cores per cpu, 1 threads per core) family 6 model 63 stepping 2 microcode 0x46, cmov, cx8, fxsr, mmx, sse, sse2, sse3, ssse3, sse4.1, sse4.2, popcnt, aes, clmul, tsc, tscinvbit
CPU Model and flags from /proc/cpuinfo:
model name	: Intel(R) Xeon(R) CPU E5-2630 v3 @ 2.40GHz
flags		: fpu vme de pse tsc msr pae mce cx8 apic sep mtrr pge mca cmov pat pse36 clflush mmx fxsr sse sse2 ss syscall nx rdtscp lm constant_tsc arch_perfmon nopl tsc_reliable nonstop_tsc cpuid pni pclmulqdq ssse3 cx16 sse4_1 sse4_2 movbe popcnt aes hypervisor lahf_lm pti arat
Online cpus:
0
Offline cpus:

BIOS frequency limitation:
<Not Available>
Frequency switch latency (ns):
<Not Available>
Available cpu frequencies:
<Not Available>
Current governor:
<Not Available>
Core performance/turbo boost:
<Not Available>

Memory: 4k page, physical 1009952k(48896k free), swap 0k(0k free)

vm_info: OpenJDK 64-Bit Server VM (11.0.14+9-post-Debian-1deb10u1) for linux-amd64 JRE (11.0.14+9-post-Debian-1deb10u1), built on Jan 21 2022 16:20:34 by "unknown" with gcc 8.3.0

END.
