#
# There is insufficient memory for the Java Runtime Environment to continue.
# Native memory allocation (mmap) failed to map 11206656 bytes for committing reserved memory.
# Possible reasons:
#   The system is out of physical RAM or swap space
#   The process is running with CompressedOops enabled, and the Java Heap may be blocking the growth of the native heap
# Possible solutions:
#   Reduce memory load on the system
#   Increase physical memory or swap space
#   Check if swap backing store is full
#   Decrease Java heap size (-Xmx/-Xms)
#   Decrease number of Java threads
#   Decrease Java thread stack sizes (-Xss)
#   Set larger code cache with -XX:ReservedCodeCacheSize=
# This output file may be truncated or incomplete.
#
#  Out of Memory Error (os_linux.cpp:3007), pid=7129, tid=7130
#
# JRE version:  (11.0.14+9) (build )
# Java VM: OpenJDK 64-Bit Server VM (11.0.14+9-post-Debian-1deb10u1, mixed mode, sharing, tiered, compressed oops, serial gc, linux-amd64)
# No core dump will be written. Core dumps have been disabled. To enable core dumping, try "ulimit -c unlimited" before starting Java again
#

---------------  S U M M A R Y ------------

Command Line: VirtualNetwork.jar -v s4

Host: Intel(R) Xeon(R) CPU E5-2630 v3 @ 2.40GHz, 1 cores, 986M, Debian GNU/Linux 10 (buster)
Time: Sun Mar  6 16:00:21 2022 CST elapsed time: 0.131115 seconds (0d 0h 0m 0s)

---------------  T H R E A D  ---------------

Current thread (0x00007fdee4016000):  JavaThread "Unknown thread" [_thread_in_vm, id=7130, stack(0x00007fdee84a0000,0x00007fdee85a1000)]

Stack: [0x00007fdee84a0000,0x00007fdee85a1000],  sp=0x00007fdee859f2d0,  free space=1020k
Native frames: (J=compiled Java code, A=aot compiled Java code, j=interpreted, Vv=VM code, C=native code)
V  [libjvm.so+0xe2ce86]
V  [libjvm.so+0xe2ddfb]
V  [libjvm.so+0x6555d5]
V  [libjvm.so+0xb88b0a]
V  [libjvm.so+0xb7ef0f]
V  [libjvm.so+0xe2555b]
V  [libjvm.so+0x7bcc91]
V  [libjvm.so+0x53a819]
V  [libjvm.so+0xdbf92b]
V  [libjvm.so+0x7bd6fc]
V  [libjvm.so+0x7a9189]
V  [libjvm.so+0xdf0c82]
V  [libjvm.so+0xdf0f46]
V  [libjvm.so+0x815ae7]
V  [libjvm.so+0xdca89a]
V  [libjvm.so+0x8bcbe1]  JNI_CreateJavaVM+0x51
C  [libjli.so+0x4868]
C  [libjli.so+0x95c9]


---------------  P R O C E S S  ---------------

Threads class SMR info:
_java_thread_list=0x00005584ac042f10, length=0, elements={
}

Java Threads: ( => current thread )

Other Threads:

=>0x00007fdee4016000 (exited) JavaThread "Unknown thread" [_thread_in_vm, id=7130, stack(0x00007fdee84a0000,0x00007fdee85a1000)]

Threads with active compile tasks:

VM state:not at safepoint (not fully initialized)

VM Mutex/Monitor currently owned by a thread: None

Heap address: 0x00000000f0800000, size: 248 MB, Compressed Oops mode: Non-zero based: 0x00000000f0800000
Narrow klass base: 0x0000000000000000, Narrow klass shift: 0

GC Heap History (0 events):
No events

Deoptimization events (0 events):
No events

Classes redefined (0 events):
No events

Internal exceptions (0 events):
No events

Events (2 events):
Event: 0.090 Protecting memory [0x00007fdee84a0000,0x00007fdee84a4000] with protection modes 0
Event: 0.097 Loaded shared library /usr/lib/jvm/java-11-openjdk-amd64/lib/libzip.so


Dynamic libraries:
f0800000-f0d50000 rw-p 00000000 00:00 0 
f0d50000-f5aa0000 ---p 00000000 00:00 0 
f6550000-100000000 ---p 00000000 00:00 0 
5584aa628000-5584aa629000 r--p 00000000 08:01 415117                     /usr/lib/jvm/java-11-openjdk-amd64/bin/java
5584aa629000-5584aa62a000 r-xp 00001000 08:01 415117                     /usr/lib/jvm/java-11-openjdk-amd64/bin/java
5584aa62a000-5584aa62b000 r--p 00002000 08:01 415117                     /usr/lib/jvm/java-11-openjdk-amd64/bin/java
5584aa62b000-5584aa62c000 r--p 00002000 08:01 415117                     /usr/lib/jvm/java-11-openjdk-amd64/bin/java
5584aa62c000-5584aa62d000 rw-p 00003000 08:01 415117                     /usr/lib/jvm/java-11-openjdk-amd64/bin/java
5584ac02b000-5584ac04c000 rw-p 00000000 00:00 0                          [heap]
7fdecc83d000-7fdeccaad000 rwxp 00000000 00:00 0 
7fdeccaad000-7fdeccdcc000 ---p 00000000 00:00 0 
7fdeccdcc000-7fdecd03c000 rwxp 00000000 00:00 0 
7fdecd03c000-7fded4304000 ---p 00000000 00:00 0 
7fded4304000-7fded4574000 rwxp 00000000 00:00 0 
7fded4574000-7fdedb83d000 ---p 00000000 00:00 0 
7fdedb83d000-7fdee4000000 r--s 00000000 08:01 417208                     /usr/lib/jvm/java-11-openjdk-amd64/lib/modules
7fdee4000000-7fdee4034000 rw-p 00000000 00:00 0 
7fdee4034000-7fdee8000000 ---p 00000000 00:00 0 
7fdee81d8000-7fdee81db000 rw-p 00000000 00:00 0 
7fdee81db000-7fdee8254000 ---p 00000000 00:00 0 
7fdee8254000-7fdee825a000 rw-p 00000000 00:00 0 
7fdee825a000-7fdee8340000 ---p 00000000 00:00 0 
7fdee8340000-7fdee8345000 rw-p 00000000 00:00 0 
7fdee8345000-7fdee842b000 ---p 00000000 00:00 0 
7fdee842b000-7fdee8430000 rw-p 00000000 00:00 0 
7fdee8430000-7fdee8437000 ---p 00000000 00:00 0 
7fdee8437000-7fdee843a000 r--p 00000000 08:01 393930                     /usr/lib/x86_64-linux-gnu/libnss_files-2.28.so
7fdee843a000-7fdee8441000 r-xp 00003000 08:01 393930                     /usr/lib/x86_64-linux-gnu/libnss_files-2.28.so
7fdee8441000-7fdee8443000 r--p 0000a000 08:01 393930                     /usr/lib/x86_64-linux-gnu/libnss_files-2.28.so
7fdee8443000-7fdee8444000 ---p 0000c000 08:01 393930                     /usr/lib/x86_64-linux-gnu/libnss_files-2.28.so
7fdee8444000-7fdee8445000 r--p 0000c000 08:01 393930                     /usr/lib/x86_64-linux-gnu/libnss_files-2.28.so
7fdee8445000-7fdee8446000 rw-p 0000d000 08:01 393930                     /usr/lib/x86_64-linux-gnu/libnss_files-2.28.so
7fdee8446000-7fdee844c000 rw-p 00000000 00:00 0 
7fdee844e000-7fdee8450000 r--p 00000000 08:01 417207                     /usr/lib/jvm/java-11-openjdk-amd64/lib/libzip.so
7fdee8450000-7fdee8454000 r-xp 00002000 08:01 417207                     /usr/lib/jvm/java-11-openjdk-amd64/lib/libzip.so
7fdee8454000-7fdee8456000 r--p 00006000 08:01 417207                     /usr/lib/jvm/java-11-openjdk-amd64/lib/libzip.so
7fdee8456000-7fdee8457000 r--p 00007000 08:01 417207                     /usr/lib/jvm/java-11-openjdk-amd64/lib/libzip.so
7fdee8457000-7fdee8458000 rw-p 00008000 08:01 417207                     /usr/lib/jvm/java-11-openjdk-amd64/lib/libzip.so
7fdee8458000-7fdee8460000 rw-s 00000000 08:01 28109                      /tmp/hsperfdata_mininet/7129
7fdee8460000-7fdee8462000 r--p 00000000 08:01 417190                     /usr/lib/jvm/java-11-openjdk-amd64/lib/libjimage.so
7fdee8462000-7fdee8465000 r-xp 00002000 08:01 417190                     /usr/lib/jvm/java-11-openjdk-amd64/lib/libjimage.so
7fdee8465000-7fdee8466000 r--p 00005000 08:01 417190                     /usr/lib/jvm/java-11-openjdk-amd64/lib/libjimage.so
7fdee8466000-7fdee8467000 ---p 00006000 08:01 417190                     /usr/lib/jvm/java-11-openjdk-amd64/lib/libjimage.so
7fdee8467000-7fdee8468000 r--p 00006000 08:01 417190                     /usr/lib/jvm/java-11-openjdk-amd64/lib/libjimage.so
7fdee8468000-7fdee8469000 rw-p 00007000 08:01 417190                     /usr/lib/jvm/java-11-openjdk-amd64/lib/libjimage.so
7fdee8469000-7fdee8477000 r--p 00000000 08:01 417187                     /usr/lib/jvm/java-11-openjdk-amd64/lib/libjava.so
7fdee8477000-7fdee848c000 r-xp 0000e000 08:01 417187                     /usr/lib/jvm/java-11-openjdk-amd64/lib/libjava.so
7fdee848c000-7fdee8493000 r--p 00023000 08:01 417187                     /usr/lib/jvm/java-11-openjdk-amd64/lib/libjava.so
7fdee8493000-7fdee8494000 r--p 00029000 08:01 417187                     /usr/lib/jvm/java-11-openjdk-amd64/lib/libjava.so
7fdee8494000-7fdee8495000 rw-p 0002a000 08:01 417187                     /usr/lib/jvm/java-11-openjdk-amd64/lib/libjava.so
7fdee8495000-7fdee8496000 rw-p 00000000 00:00 0 
7fdee8496000-7fdee8498000 r--p 00000000 08:01 393938                     /usr/lib/x86_64-linux-gnu/librt-2.28.so
7fdee8498000-7fdee849c000 r-xp 00002000 08:01 393938                     /usr/lib/x86_64-linux-gnu/librt-2.28.so
7fdee849c000-7fdee849e000 r--p 00006000 08:01 393938                     /usr/lib/x86_64-linux-gnu/librt-2.28.so
7fdee849e000-7fdee849f000 r--p 00007000 08:01 393938                     /usr/lib/x86_64-linux-gnu/librt-2.28.so
7fdee849f000-7fdee84a0000 rw-p 00008000 08:01 393938                     /usr/lib/x86_64-linux-gnu/librt-2.28.so
7fdee84a0000-7fdee84a4000 ---p 00000000 00:00 0 
7fdee84a4000-7fdee85a1000 rw-p 00000000 00:00 0 
7fdee85a1000-7fdee85a4000 r--p 00000000 08:01 393233                     /usr/lib/x86_64-linux-gnu/libgcc_s.so.1
7fdee85a4000-7fdee85b5000 r-xp 00003000 08:01 393233                     /usr/lib/x86_64-linux-gnu/libgcc_s.so.1
7fdee85b5000-7fdee85b8000 r--p 00014000 08:01 393233                     /usr/lib/x86_64-linux-gnu/libgcc_s.so.1
7fdee85b8000-7fdee85b9000 ---p 00017000 08:01 393233                     /usr/lib/x86_64-linux-gnu/libgcc_s.so.1
7fdee85b9000-7fdee85ba000 r--p 00017000 08:01 393233                     /usr/lib/x86_64-linux-gnu/libgcc_s.so.1
7fdee85ba000-7fdee85bb000 rw-p 00018000 08:01 393233                     /usr/lib/x86_64-linux-gnu/libgcc_s.so.1
7fdee85bb000-7fdee85c8000 r--p 00000000 08:01 393923                     /usr/lib/x86_64-linux-gnu/libm-2.28.so
7fdee85c8000-7fdee8667000 r-xp 0000d000 08:01 393923                     /usr/lib/x86_64-linux-gnu/libm-2.28.so
7fdee8667000-7fdee873c000 r--p 000ac000 08:01 393923                     /usr/lib/x86_64-linux-gnu/libm-2.28.so
7fdee873c000-7fdee873d000 r--p 00180000 08:01 393923                     /usr/lib/x86_64-linux-gnu/libm-2.28.so
7fdee873d000-7fdee873e000 rw-p 00181000 08:01 393923                     /usr/lib/x86_64-linux-gnu/libm-2.28.so
7fdee873e000-7fdee87c7000 r--p 00000000 08:01 396665                     /usr/lib/x86_64-linux-gnu/libstdc++.so.6.0.25
7fdee87c7000-7fdee8873000 r-xp 00089000 08:01 396665                     /usr/lib/x86_64-linux-gnu/libstdc++.so.6.0.25
7fdee8873000-7fdee88b1000 r--p 00135000 08:01 396665                     /usr/lib/x86_64-linux-gnu/libstdc++.so.6.0.25
7fdee88b1000-7fdee88b2000 ---p 00173000 08:01 396665                     /usr/lib/x86_64-linux-gnu/libstdc++.so.6.0.25
7fdee88b2000-7fdee88bc000 r--p 00173000 08:01 396665                     /usr/lib/x86_64-linux-gnu/libstdc++.so.6.0.25
7fdee88bc000-7fdee88be000 rw-p 0017d000 08:01 396665                     /usr/lib/x86_64-linux-gnu/libstdc++.so.6.0.25
7fdee88be000-7fdee88c2000 rw-p 00000000 00:00 0 
7fdee88c2000-7fdee8b44000 r--p 00000000 08:01 417211                     /usr/lib/jvm/java-11-openjdk-amd64/lib/server/libjvm.so
7fdee8b44000-7fdee9763000 r-xp 00282000 08:01 417211                     /usr/lib/jvm/java-11-openjdk-amd64/lib/server/libjvm.so
7fdee9763000-7fdee99bf000 r--p 00ea1000 08:01 417211                     /usr/lib/jvm/java-11-openjdk-amd64/lib/server/libjvm.so
7fdee99bf000-7fdee9a83000 r--p 010fc000 08:01 417211                     /usr/lib/jvm/java-11-openjdk-amd64/lib/server/libjvm.so
7fdee9a83000-7fdee9abe000 rw-p 011c0000 08:01 417211                     /usr/lib/jvm/java-11-openjdk-amd64/lib/server/libjvm.so
7fdee9abe000-7fdee9b17000 rw-p 00000000 00:00 0 
7fdee9b17000-7fdee9b39000 r--p 00000000 08:01 393918                     /usr/lib/x86_64-linux-gnu/libc-2.28.so
7fdee9b39000-7fdee9c81000 r-xp 00022000 08:01 393918                     /usr/lib/x86_64-linux-gnu/libc-2.28.so
7fdee9c81000-7fdee9ccd000 r--p 0016a000 08:01 393918                     /usr/lib/x86_64-linux-gnu/libc-2.28.so
7fdee9ccd000-7fdee9cce000 ---p 001b6000 08:01 393918                     /usr/lib/x86_64-linux-gnu/libc-2.28.so
7fdee9cce000-7fdee9cd2000 r--p 001b6000 08:01 393918                     /usr/lib/x86_64-linux-gnu/libc-2.28.so
7fdee9cd2000-7fdee9cd4000 rw-p 001ba000 08:01 393918                     /usr/lib/x86_64-linux-gnu/libc-2.28.so
7fdee9cd4000-7fdee9cd8000 rw-p 00000000 00:00 0 
7fdee9cd8000-7fdee9cd9000 r--p 00000000 08:01 393920                     /usr/lib/x86_64-linux-gnu/libdl-2.28.so
7fdee9cd9000-7fdee9cda000 r-xp 00001000 08:01 393920                     /usr/lib/x86_64-linux-gnu/libdl-2.28.so
7fdee9cda000-7fdee9cdb000 r--p 00002000 08:01 393920                     /usr/lib/x86_64-linux-gnu/libdl-2.28.so
7fdee9cdb000-7fdee9cdc000 r--p 00002000 08:01 393920                     /usr/lib/x86_64-linux-gnu/libdl-2.28.so
7fdee9cdc000-7fdee9cdd000 rw-p 00003000 08:01 393920                     /usr/lib/x86_64-linux-gnu/libdl-2.28.so
7fdee9cdd000-7fdee9ce0000 r--p 00000000 08:01 415984                     /usr/lib/jvm/java-11-openjdk-amd64/lib/jli/libjli.so
7fdee9ce0000-7fdee9cea000 r-xp 00003000 08:01 415984                     /usr/lib/jvm/java-11-openjdk-amd64/lib/jli/libjli.so
7fdee9cea000-7fdee9ced000 r--p 0000d000 08:01 415984                     /usr/lib/jvm/java-11-openjdk-amd64/lib/jli/libjli.so
7fdee9ced000-7fdee9cee000 ---p 00010000 08:01 415984                     /usr/lib/jvm/java-11-openjdk-amd64/lib/jli/libjli.so
7fdee9cee000-7fdee9cef000 r--p 00010000 08:01 415984                     /usr/lib/jvm/java-11-openjdk-amd64/lib/jli/libjli.so
7fdee9cef000-7fdee9cf0000 rw-p 00011000 08:01 415984                     /usr/lib/jvm/java-11-openjdk-amd64/lib/jli/libjli.so
7fdee9cf0000-7fdee9cf6000 r--p 00000000 08:01 393936                     /usr/lib/x86_64-linux-gnu/libpthread-2.28.so
7fdee9cf6000-7fdee9d05000 r-xp 00006000 08:01 393936                     /usr/lib/x86_64-linux-gnu/libpthread-2.28.so
7fdee9d05000-7fdee9d0b000 r--p 00015000 08:01 393936                     /usr/lib/x86_64-linux-gnu/libpthread-2.28.so
7fdee9d0b000-7fdee9d0c000 r--p 0001a000 08:01 393936                     /usr/lib/x86_64-linux-gnu/libpthread-2.28.so
7fdee9d0c000-7fdee9d0d000 rw-p 0001b000 08:01 393936                     /usr/lib/x86_64-linux-gnu/libpthread-2.28.so
7fdee9d0d000-7fdee9d11000 rw-p 00000000 00:00 0 
7fdee9d11000-7fdee9d2d000 r-xp 00000000 08:01 395548                     /usr/lib/x86_64-linux-gnu/libz.so.1.2.11
7fdee9d2d000-7fdee9f2d000 ---p 0001c000 08:01 395548                     /usr/lib/x86_64-linux-gnu/libz.so.1.2.11
7fdee9f2d000-7fdee9f2e000 r--p 0001c000 08:01 395548                     /usr/lib/x86_64-linux-gnu/libz.so.1.2.11
7fdee9f2e000-7fdee9f2f000 rw-p 0001d000 08:01 395548                     /usr/lib/x86_64-linux-gnu/libz.so.1.2.11
7fdee9f2f000-7fdee9f31000 rw-p 00000000 00:00 0 
7fdee9f31000-7fdee9f32000 r--s 00008000 08:01 133132                     /usr/share/java/java-atk-wrapper.jar
7fdee9f32000-7fdee9f33000 ---p 00000000 00:00 0 
7fdee9f33000-7fdee9f34000 r--p 00000000 00:00 0 
7fdee9f34000-7fdee9f39000 r--p 00000000 08:01 417206                     /usr/lib/jvm/java-11-openjdk-amd64/lib/libverify.so
7fdee9f39000-7fdee9f40000 r-xp 00005000 08:01 417206                     /usr/lib/jvm/java-11-openjdk-amd64/lib/libverify.so
7fdee9f40000-7fdee9f42000 r--p 0000c000 08:01 417206                     /usr/lib/jvm/java-11-openjdk-amd64/lib/libverify.so
7fdee9f42000-7fdee9f44000 r--p 0000d000 08:01 417206                     /usr/lib/jvm/java-11-openjdk-amd64/lib/libverify.so
7fdee9f44000-7fdee9f45000 rw-p 0000f000 08:01 417206                     /usr/lib/jvm/java-11-openjdk-amd64/lib/libverify.so
7fdee9f45000-7fdee9f46000 r--p 00000000 08:01 393238                     /usr/lib/x86_64-linux-gnu/ld-2.28.so
7fdee9f46000-7fdee9f64000 r-xp 00001000 08:01 393238                     /usr/lib/x86_64-linux-gnu/ld-2.28.so
7fdee9f64000-7fdee9f6c000 r--p 0001f000 08:01 393238                     /usr/lib/x86_64-linux-gnu/ld-2.28.so
7fdee9f6c000-7fdee9f6d000 r--p 00026000 08:01 393238                     /usr/lib/x86_64-linux-gnu/ld-2.28.so
7fdee9f6d000-7fdee9f6e000 rw-p 00027000 08:01 393238                     /usr/lib/x86_64-linux-gnu/ld-2.28.so
7fdee9f6e000-7fdee9f6f000 rw-p 00000000 00:00 0 
7ffdf7c12000-7ffdf7c33000 rw-p 00000000 00:00 0                          [stack]
7ffdf7d91000-7ffdf7d94000 r--p 00000000 00:00 0                          [vvar]
7ffdf7d94000-7ffdf7d96000 r-xp 00000000 00:00 0                          [vdso]


VM Arguments:
java_command: VirtualNetwork.jar -v s4
java_class_path (initial): VirtualNetwork.jar
Launcher Type: SUN_STANDARD

[Global flags]
     intx CICompilerCount                          = 2                                         {product} {ergonomic}
   size_t InitialHeapSize                          = 16777216                                  {product} {ergonomic}
   size_t MaxHeapSize                              = 260046848                                 {product} {ergonomic}
   size_t MaxNewSize                               = 86638592                                  {product} {ergonomic}
   size_t MinHeapDeltaBytes                        = 196608                                    {product} {ergonomic}
   size_t NewSize                                  = 5570560                                   {product} {ergonomic}
    uintx NonNMethodCodeHeapSize                   = 5825164                                {pd product} {ergonomic}
    uintx NonProfiledCodeHeapSize                  = 122916538                              {pd product} {ergonomic}
   size_t OldSize                                  = 11206656                                  {product} {ergonomic}
    uintx ProfiledCodeHeapSize                     = 122916538                              {pd product} {ergonomic}
    uintx ReservedCodeCacheSize                    = 251658240                              {pd product} {ergonomic}
     bool SegmentedCodeCache                       = true                                      {product} {ergonomic}
     bool UseCompressedClassPointers               = true                                 {lp64_product} {ergonomic}
     bool UseCompressedOops                        = true                                 {lp64_product} {ergonomic}
     bool UseSerialGC                              = true                                      {product} {ergonomic}

Logging:
Log output configuration:
 #0: stdout all=warning uptime,level,tags
 #1: stderr all=off uptime,level,tags

Environment Variables:
PATH=/sbin:/usr/local/bin:/usr/bin:/bin:/usr/local/games:/usr/games
SHELL=/bin/bash
DISPLAY=localhost:15.0
LANG=en_US.UTF-8

Signal Handlers:
SIGSEGV: [libjvm.so+0xe2de50], sa_mask[0]=11111111011111111101111111111110, sa_flags=SA_RESTART|SA_SIGINFO
SIGBUS: [libjvm.so+0xe2de50], sa_mask[0]=11111111011111111101111111111110, sa_flags=SA_RESTART|SA_SIGINFO
SIGFPE: [libjvm.so+0xe2de50], sa_mask[0]=11111111011111111101111111111110, sa_flags=SA_RESTART|SA_SIGINFO
SIGPIPE: [libjvm.so+0xb83a80], sa_mask[0]=11111111011111111101111111111110, sa_flags=SA_RESTART|SA_SIGINFO
SIGXFSZ: [libjvm.so+0xb83a80], sa_mask[0]=11111111011111111101111111111110, sa_flags=SA_RESTART|SA_SIGINFO
SIGILL: [libjvm.so+0xe2de50], sa_mask[0]=11111111011111111101111111111110, sa_flags=SA_RESTART|SA_SIGINFO
SIGUSR2: [libjvm.so+0xb83910], sa_mask[0]=00000000000000000000000000000000, sa_flags=SA_RESTART|SA_SIGINFO
SIGHUP: SIG_DFL, sa_mask[0]=00000000000000000000000000000000, sa_flags=none
SIGINT: SIG_DFL, sa_mask[0]=00000000000000000000000000000000, sa_flags=none
SIGTERM: SIG_DFL, sa_mask[0]=00000000000000000000000000000000, sa_flags=none
SIGQUIT: SIG_DFL, sa_mask[0]=00000000000000000000000000000000, sa_flags=none


---------------  S Y S T E M  ---------------

OS:PRETTY_NAME="Debian GNU/Linux 10 (buster)"
NAME="Debian GNU/Linux"
VERSION_ID="10"
VERSION="10 (buster)"
VERSION_CODENAME=buster
ID=debian
HOME_URL="https://www.debian.org/"
SUPPORT_URL="https://www.debian.org/support"
BUG_REPORT_URL="https://bugs.debian.org/"
uname:Linux 4.19.0-18-amd64 #1 SMP Debian 4.19.208-1 (2021-09-29) x86_64
OS uptime: 21 days 0:09 hours
libc:glibc 2.28 NPTL 2.28 
rlimit (soft/hard): STACK 8192k/infinity , CORE 0k/infinity , NPROC 3789/3789 , NOFILE 1048576/1048576 , AS infinity/infinity , CPU infinity/infinity , DATA infinity/infinity , FSIZE infinity/infinity , MEMLOCK 65536k/65536k
load average:3.19 2.66 1.58

/proc/meminfo:
MemTotal:        1009952 kB
MemFree:           52568 kB
MemAvailable:          0 kB
Buffers:             788 kB
Cached:            32608 kB
SwapCached:            0 kB
Active:           796696 kB
Inactive:          25828 kB
Active(anon):     789996 kB
Inactive(anon):    19076 kB
Active(file):       6700 kB
Inactive(file):     6752 kB
Unevictable:           0 kB
Mlocked:               0 kB
SwapTotal:             0 kB
SwapFree:              0 kB
Dirty:                60 kB
Writeback:             0 kB
AnonPages:        789192 kB
Mapped:            21116 kB
Shmem:             19864 kB
Slab:              79460 kB
SReclaimable:      21780 kB
SUnreclaim:        57680 kB
KernelStack:        6520 kB
PageTables:        13364 kB
NFS_Unstable:          0 kB
Bounce:                0 kB
WritebackTmp:          0 kB
CommitLimit:      504976 kB
Committed_AS:    2146948 kB
VmallocTotal:   34359738367 kB
VmallocUsed:           0 kB
VmallocChunk:          0 kB
Percpu:              568 kB
HardwareCorrupted:     0 kB
AnonHugePages:     32768 kB
ShmemHugePages:        0 kB
ShmemPmdMapped:        0 kB
HugePages_Total:       0
HugePages_Free:        0
HugePages_Rsvd:        0
HugePages_Surp:        0
Hugepagesize:       2048 kB
Hugetlb:               0 kB
DirectMap4k:      112512 kB
DirectMap2M:      935936 kB

/sys/kernel/mm/transparent_hugepage/enabled:
[always] madvise never
/sys/kernel/mm/transparent_hugepage/defrag (defrag/compaction efforts parameter):
always defer defer+madvise [madvise] never

Process Memory:
Virtual Size: 723920K (peak: 734864K)
Resident Set Size: 9496K (peak: 11648K) (anon: 1792K, file: 7704K, shmem: 0K)
Swapped out: 0K
C-Heap outstanding allocations: 305K

/proc/sys/kernel/threads-max (system-wide limit on the number of threads):
7579
/proc/sys/vm/max_map_count (maximum number of memory map areas a process may have):
65530
/proc/sys/kernel/pid_max (system-wide limit on number of process identifiers):
32768

container (cgroup) information:
container_type: cgroupv1
cpu_cpuset_cpus: 0
cpu_memory_nodes: 0
active_processor_count: 1
cpu_quota: -1
cpu_period: 100000
cpu_shares: -1
memory_limit_in_bytes: -1
memory_and_swap_limit_in_bytes: -2
memory_soft_limit_in_bytes: -1
memory_usage_in_bytes: 15200256
memory_max_usage_in_bytes: 19406848

VMWare virtualization detected
Steal ticks since vm start: 0
Steal ticks percentage since vm start:  0.000

CPU:total 1 (initial active 1) (1 cores per cpu, 1 threads per core) family 6 model 63 stepping 2 microcode 0x46, cmov, cx8, fxsr, mmx, sse, sse2, sse3, ssse3, sse4.1, sse4.2, popcnt, aes, clmul, tsc, tscinvbit
CPU Model and flags from /proc/cpuinfo:
model name	: Intel(R) Xeon(R) CPU E5-2630 v3 @ 2.40GHz
flags		: fpu vme de pse tsc msr pae mce cx8 apic sep mtrr pge mca cmov pat pse36 clflush mmx fxsr sse sse2 ss syscall nx rdtscp lm constant_tsc arch_perfmon nopl tsc_reliable nonstop_tsc cpuid pni pclmulqdq ssse3 cx16 sse4_1 sse4_2 movbe popcnt aes hypervisor lahf_lm pti arat
Online cpus:
0
Offline cpus:

BIOS frequency limitation:
<Not Available>
Frequency switch latency (ns):
<Not Available>
Available cpu frequencies:
<Not Available>
Current governor:
<Not Available>
Core performance/turbo boost:
<Not Available>

Memory: 4k page, physical 1009952k(52568k free), swap 0k(0k free)

vm_info: OpenJDK 64-Bit Server VM (11.0.14+9-post-Debian-1deb10u1) for linux-amd64 JRE (11.0.14+9-post-Debian-1deb10u1), built on Jan 21 2022 16:20:34 by "unknown" with gcc 8.3.0

END.
